<?xml version="1.0" encoding="UTF-8"?>
<!-- Generated by org.testng.reporters.JUnitXMLReporter -->
<testsuite hostname="IONDELLT542" ignored="0" name="Test" tests="2" failures="1" timestamp="2022-01-02T17:52:29 IST" time="120.048" errors="0">
  <testcase name="testPositive" time="57.105" classname="com.midtrans.demo.tests.EndToEndTest">
    <failure type="java.lang.AssertionError" message="Purchase is not successful expected [true] but found [false]">
      <![CDATA[java.lang.AssertionError: Purchase is not successful expected [true] but found [false]
at com.midtrans.demo.tests.EndToEndTest.testPositive(EndToEndTest.java:49)
at java.util.ArrayList.forEach(ArrayList.java:1259)
... Removed 34 stack frames]]>
    </failure>
  </testcase> <!-- testPositive -->
  <testcase name="testNegative" time="52.428" classname="com.midtrans.demo.tests.EndToEndTest"/>
</testsuite> <!-- Test -->
