<?xml version="1.0" encoding="UTF-8"?>
<testng-results skipped="0" failed="1" ignored="0" total="2" passed="1">
  <reporter-output>
  </reporter-output>
  <suite name="Suite" duration-ms="120048" started-at="2022-01-02T17:50:29 IST" finished-at="2022-01-02T17:52:29 IST">
    <groups>
    </groups>
    <test name="Test" duration-ms="120048" started-at="2022-01-02T17:50:29 IST" finished-at="2022-01-02T17:52:29 IST">
      <class name="com.midtrans.demo.tests.EndToEndTest">
        <test-method status="PASS" signature="setUp()[pri:0, instance:com.midtrans.demo.tests.EndToEndTest@59e5ddf]" name="setUp" is-config="true" duration-ms="6403" started-at="2022-01-02T17:50:29 IST" finished-at="2022-01-02T17:50:36 IST">
          <reporter-output>
          </reporter-output>
        </test-method> <!-- setUp -->
        <test-method status="FAIL" signature="testPositive()[pri:0, instance:com.midtrans.demo.tests.EndToEndTest@59e5ddf]" name="testPositive" duration-ms="57105" started-at="2022-01-02T17:50:36 IST" finished-at="2022-01-02T17:51:33 IST">
          <exception class="java.lang.AssertionError">
            <message>
              <![CDATA[Purchase is not successful expected [true] but found [false]]]>
            </message>
            <full-stacktrace>
              <![CDATA[java.lang.AssertionError: Purchase is not successful expected [true] but found [false]
at org.testng.Assert.fail(Assert.java:99)
at org.testng.Assert.failNotEquals(Assert.java:1037)
at org.testng.Assert.assertTrue(Assert.java:45)
at com.midtrans.demo.tests.EndToEndTest.testPositive(EndToEndTest.java:49)
at sun.reflect.NativeMethodAccessorImpl.invoke0(Native Method)
at sun.reflect.NativeMethodAccessorImpl.invoke(NativeMethodAccessorImpl.java:62)
at sun.reflect.DelegatingMethodAccessorImpl.invoke(DelegatingMethodAccessorImpl.java:43)
at java.lang.reflect.Method.invoke(Method.java:498)
at org.testng.internal.MethodInvocationHelper.invokeMethod(MethodInvocationHelper.java:133)
at org.testng.internal.TestInvoker.invokeMethod(TestInvoker.java:598)
at org.testng.internal.TestInvoker.invokeTestMethod(TestInvoker.java:173)
at org.testng.internal.MethodRunner.runInSequence(MethodRunner.java:46)
at org.testng.internal.TestInvoker$MethodInvocationAgent.invoke(TestInvoker.java:824)
at org.testng.internal.TestInvoker.invokeTestMethods(TestInvoker.java:146)
at org.testng.internal.TestMethodWorker.invokeTestMethods(TestMethodWorker.java:146)
at org.testng.internal.TestMethodWorker.run(TestMethodWorker.java:128)
at java.util.ArrayList.forEach(ArrayList.java:1259)
at org.testng.TestRunner.privateRun(TestRunner.java:794)
at org.testng.TestRunner.run(TestRunner.java:596)
at org.testng.SuiteRunner.runTest(SuiteRunner.java:377)
at org.testng.SuiteRunner.runSequentially(SuiteRunner.java:371)
at org.testng.SuiteRunner.privateRun(SuiteRunner.java:332)
at org.testng.SuiteRunner.run(SuiteRunner.java:276)
at org.testng.SuiteRunnerWorker.runSuite(SuiteRunnerWorker.java:53)
at org.testng.SuiteRunnerWorker.run(SuiteRunnerWorker.java:96)
at org.testng.TestNG.runSuitesSequentially(TestNG.java:1212)
at org.testng.TestNG.runSuitesLocally(TestNG.java:1134)
at org.testng.TestNG.runSuites(TestNG.java:1063)
at org.testng.TestNG.run(TestNG.java:1031)
at org.apache.maven.surefire.testng.TestNGExecutor.run(TestNGExecutor.java:284)
at org.apache.maven.surefire.testng.TestNGXmlTestSuite.execute(TestNGXmlTestSuite.java:75)
at org.apache.maven.surefire.testng.TestNGProvider.invoke(TestNGProvider.java:119)
at org.apache.maven.surefire.booter.ForkedBooter.runSuitesInProcess(ForkedBooter.java:428)
at org.apache.maven.surefire.booter.ForkedBooter.execute(ForkedBooter.java:162)
at org.apache.maven.surefire.booter.ForkedBooter.run(ForkedBooter.java:562)
at org.apache.maven.surefire.booter.ForkedBooter.main(ForkedBooter.java:548)
]]>
            </full-stacktrace>
          </exception> <!-- java.lang.AssertionError -->
          <reporter-output>
          </reporter-output>
        </test-method> <!-- testPositive -->
        <test-method status="PASS" signature="closeBrowser()[pri:0, instance:com.midtrans.demo.tests.EndToEndTest@59e5ddf]" name="closeBrowser" is-config="true" duration-ms="94" started-at="2022-01-02T17:51:33 IST" finished-at="2022-01-02T17:51:33 IST">
          <reporter-output>
          </reporter-output>
        </test-method> <!-- closeBrowser -->
        <test-method status="PASS" signature="setUp()[pri:0, instance:com.midtrans.demo.tests.EndToEndTest@59e5ddf]" name="setUp" is-config="true" duration-ms="3919" started-at="2022-01-02T17:51:33 IST" finished-at="2022-01-02T17:51:37 IST">
          <reporter-output>
          </reporter-output>
        </test-method> <!-- setUp -->
        <test-method status="PASS" signature="testNegative()[pri:1, instance:com.midtrans.demo.tests.EndToEndTest@59e5ddf]" name="testNegative" duration-ms="52428" started-at="2022-01-02T17:51:37 IST" finished-at="2022-01-02T17:52:29 IST">
          <reporter-output>
          </reporter-output>
        </test-method> <!-- testNegative -->
        <test-method status="PASS" signature="closeBrowser()[pri:0, instance:com.midtrans.demo.tests.EndToEndTest@59e5ddf]" name="closeBrowser" is-config="true" duration-ms="62" started-at="2022-01-02T17:52:29 IST" finished-at="2022-01-02T17:52:29 IST">
          <reporter-output>
          </reporter-output>
        </test-method> <!-- closeBrowser -->
      </class> <!-- com.midtrans.demo.tests.EndToEndTest -->
    </test> <!-- Test -->
  </suite> <!-- Suite -->
</testng-results>
